Build started 25/04/2015 02:09:49.
     1>Project "C:\Users\user\Documents\Visual Studio 2013\Projects\AdvProg\AdvancedProg1\AdvancedProg1\AdvancedProg1.vcxproj" on node 2 (Build target(s)).
     1>ClCompile:
         C:\Program Files (x86)\Microsoft Visual Studio 12.0\VC\bin\CL.exe /c /ZI /nologo /W3 /WX- /sdl /Od /Oy- /D WIN32 /D _DEBUG /D _CONSOLE /D _LIB /D _UNICODE /D UNICODE /Gm /EHsc /RTC1 /MDd /GS /fp:precise /Zc:wchar_t /Zc:forScope /Fo"Debug\\" /Fd"Debug\vc120.pdb" /Gd /TP /analyze- /errorReport:prompt Test_Example.cpp
         Test_Example.cpp
     1>c:\users\user\documents\visual studio 2013\projects\advprog\advancedprog1\advancedprog1\test_example.cpp(2): fatal error C1083: Cannot open include file: 'Meeting_t.h': No such file or directory
     1>Done Building Project "C:\Users\user\Documents\Visual Studio 2013\Projects\AdvProg\AdvancedProg1\AdvancedProg1\AdvancedProg1.vcxproj" (Build target(s)) -- FAILED.

Build FAILED.

Time Elapsed 00:00:00.47
